<?xml version="1.0" encoding="UTF-8"?>
<testsuite name="com.checkout.payment.gateway.integrationTest.PaymentGatewayIntegrationTest" tests="5" skipped="0" failures="0" errors="0" timestamp="2025-12-18T18:40:56" hostname="Zawars-MacBook-Pro.local" time="0.537">
  <properties/>
  <testcase name="whenValidPayment_thenReturnsAuthorized()" classname="com.checkout.payment.gateway.integrationTest.PaymentGatewayIntegrationTest" time="0.503"/>
  <testcase name="whenBankDeclinesPayment_thenReturnsDeclined()" classname="com.checkout.payment.gateway.integrationTest.PaymentGatewayIntegrationTest" time="0.012"/>
  <testcase name="whenPaymentWithIdNotExists_thenReturns404()" classname="com.checkout.payment.gateway.integrationTest.PaymentGatewayIntegrationTest" time="0.003"/>
  <testcase name="whenPaymentWithIdExists_thenReturnsPayment()" classname="com.checkout.payment.gateway.integrationTest.PaymentGatewayIntegrationTest" time="0.013"/>
  <testcase name="whenPaymentInvalid_thenReturnsRejected()" classname="com.checkout.payment.gateway.integrationTest.PaymentGatewayIntegrationTest" time="0.004"/>
  <system-out><![CDATA[18:40:55.379 [Test worker] INFO org.springframework.test.context.support.AnnotationConfigContextLoaderUtils -- Could not detect default configuration classes for test class [com.checkout.payment.gateway.integrationTest.PaymentGatewayIntegrationTest]: PaymentGatewayIntegrationTest does not declare any static, non-private, non-final, nested classes annotated with @Configuration.
18:40:55.425 [Test worker] INFO org.springframework.boot.test.context.SpringBootTestContextBootstrapper -- Found @SpringBootConfiguration com.checkout.payment.gateway.PaymentGatewayApplication for test class com.checkout.payment.gateway.integrationTest.PaymentGatewayIntegrationTest

  .   ____          _            __ _ _
 /\\ / ___'_ __ _ _(_)_ __  __ _ \ \ \ \
( ( )\___ | '_ | '_| | '_ \/ _` | \ \ \ \
 \\/  ___)| |_)| | | | | || (_| |  ) ) ) )
  '  |____| .__|_| |_|_| |_\__, | / / / /
 =========|_|==============|___/=/_/_/_/
 :: Spring Boot ::                (v3.2.0)

2025-12-18T18:40:55.591Z  INFO 32017 --- [    Test worker] c.c.p.g.i.PaymentGatewayIntegrationTest  : Starting PaymentGatewayIntegrationTest using Java 17.0.17 with PID 32017 (started by zawarali in /Users/zawarali/Documents/cko/payment-gateway-challenge-java)
2025-12-18T18:40:55.592Z  INFO 32017 --- [    Test worker] c.c.p.g.i.PaymentGatewayIntegrationTest  : No active profile set, falling back to 1 default profile: "default"
2025-12-18T18:40:56.048Z  INFO 32017 --- [    Test worker] o.s.b.w.embedded.tomcat.TomcatWebServer  : Tomcat initialized with port 0 (http)
2025-12-18T18:40:56.053Z  INFO 32017 --- [    Test worker] o.apache.catalina.core.StandardService   : Starting service [Tomcat]
2025-12-18T18:40:56.054Z  INFO 32017 --- [    Test worker] o.apache.catalina.core.StandardEngine    : Starting Servlet engine: [Apache Tomcat/10.1.16]
2025-12-18T18:40:56.086Z  INFO 32017 --- [    Test worker] o.a.c.c.C.[Tomcat].[localhost].[/]       : Initializing Spring embedded WebApplicationContext
2025-12-18T18:40:56.087Z  INFO 32017 --- [    Test worker] w.s.c.ServletWebServerApplicationContext : Root WebApplicationContext: initialization completed in 490 ms
2025-12-18T18:40:56.391Z  INFO 32017 --- [    Test worker] o.a.c.c.C.[Tomcat].[localhost].[/]       : Initializing Spring TestDispatcherServlet ''
2025-12-18T18:40:56.391Z  INFO 32017 --- [    Test worker] o.s.t.web.servlet.TestDispatcherServlet  : Initializing Servlet ''
2025-12-18T18:40:56.392Z  INFO 32017 --- [    Test worker] o.s.t.web.servlet.TestDispatcherServlet  : Completed initialization in 1 ms
2025-12-18T18:40:56.436Z  INFO 32017 --- [    Test worker] o.s.b.w.embedded.tomcat.TomcatWebServer  : Tomcat started on port 50431 (http) with context path ''
2025-12-18T18:40:56.441Z  INFO 32017 --- [    Test worker] c.c.p.g.i.PaymentGatewayIntegrationTest  : Started PaymentGatewayIntegrationTest in 0.959 seconds (process running for 1.415)
2025-12-18T18:40:56.918Z  INFO 32017 --- [    Test worker] c.c.p.g.service.PaymentGatewayService    : Payment d7fd5796-e7ce-45dc-af4f-172d0c87a8cb authorized by bank
2025-12-18T18:40:56.958Z  INFO 32017 --- [    Test worker] c.c.p.g.service.PaymentGatewayService    : Payment fedda4d3-666c-4252-bdc6-8562752d7b95 declined by bank
2025-12-18T18:40:56.972Z  INFO 32017 --- [    Test worker] c.c.p.g.service.PaymentGatewayService    : Payment ce2de09d-fa92-43c0-ba8f-418aca0292c1 authorized by bank
2025-12-18T18:40:56.979Z  WARN 32017 --- [    Test worker] c.c.p.g.service.PaymentGatewayService    : Payment request rejected due to validation errors: [Card number is required]
]]></system-out>
  <system-err><![CDATA[]]></system-err>
</testsuite>
